  A subdirectory or file D:\DIRECTX 11 PROGRAMMING\HeroOfTheTelliverse-master\6CCGD001WGameGroupProject\myGame\build\Debug\Content already exists.
  D:\DIRECTX 11 PROGRAMMING\HeroOfTheTelliverse-master\6CCGD001WGameGroupProject\myGame\build\..\content\Effects\BasicEffect.cso
  D:\DIRECTX 11 PROGRAMMING\HeroOfTheTelliverse-master\6CCGD001WGameGroupProject\myGame\build\..\content\Effects\BasicEffect.fx
  D:\DIRECTX 11 PROGRAMMING\HeroOfTheTelliverse-master\6CCGD001WGameGroupProject\myGame\build\..\content\Effects\DiffuseLighting.fx
  D:\DIRECTX 11 PROGRAMMING\HeroOfTheTelliverse-master\6CCGD001WGameGroupProject\myGame\build\..\content\Effects\TextureMapping.cso
  D:\DIRECTX 11 PROGRAMMING\HeroOfTheTelliverse-master\6CCGD001WGameGroupProject\myGame\build\..\content\Effects\TextureMapping.fx
  D:\DIRECTX 11 PROGRAMMING\HeroOfTheTelliverse-master\6CCGD001WGameGroupProject\myGame\build\..\content\Effects\include\Common.fxh
  D:\DIRECTX 11 PROGRAMMING\HeroOfTheTelliverse-master\6CCGD001WGameGroupProject\myGame\build\..\content\Font\Arial_14_Regular.spritefont
  D:\DIRECTX 11 PROGRAMMING\HeroOfTheTelliverse-master\6CCGD001WGameGroupProject\myGame\build\..\content\Models\apple.3DS
  D:\DIRECTX 11 PROGRAMMING\HeroOfTheTelliverse-master\6CCGD001WGameGroupProject\myGame\build\..\content\Models\bench.3ds
  D:\DIRECTX 11 PROGRAMMING\HeroOfTheTelliverse-master\6CCGD001WGameGroupProject\myGame\build\..\content\Models\cube.3DS
  D:\DIRECTX 11 PROGRAMMING\HeroOfTheTelliverse-master\6CCGD001WGameGroupProject\myGame\build\..\content\Models\kitchenCounter.mtl
  D:\DIRECTX 11 PROGRAMMING\HeroOfTheTelliverse-master\6CCGD001WGameGroupProject\myGame\build\..\content\Models\kitchenCounter.obj
  D:\DIRECTX 11 PROGRAMMING\HeroOfTheTelliverse-master\6CCGD001WGameGroupProject\myGame\build\..\content\Models\plane.mtl
  D:\DIRECTX 11 PROGRAMMING\HeroOfTheTelliverse-master\6CCGD001WGameGroupProject\myGame\build\..\content\Models\plane.obj
  D:\DIRECTX 11 PROGRAMMING\HeroOfTheTelliverse-master\6CCGD001WGameGroupProject\myGame\build\..\content\Models\TV.3DS
  D:\DIRECTX 11 PROGRAMMING\HeroOfTheTelliverse-master\6CCGD001WGameGroupProject\myGame\build\..\content\Models\tvAyoub.3ds
  D:\DIRECTX 11 PROGRAMMING\HeroOfTheTelliverse-master\6CCGD001WGameGroupProject\myGame\build\..\content\Textures\appleD.jpg
  D:\DIRECTX 11 PROGRAMMING\HeroOfTheTelliverse-master\6CCGD001WGameGroupProject\myGame\build\..\content\Textures\bench.jpg
  D:\DIRECTX 11 PROGRAMMING\HeroOfTheTelliverse-master\6CCGD001WGameGroupProject\myGame\build\..\content\Textures\CounterPhotoRealistic.jpg
  D:\DIRECTX 11 PROGRAMMING\HeroOfTheTelliverse-master\6CCGD001WGameGroupProject\myGame\build\..\content\Textures\missing.jpg
  D:\DIRECTX 11 PROGRAMMING\HeroOfTheTelliverse-master\6CCGD001WGameGroupProject\myGame\build\..\content\Textures\tiles.jpg
  21 File(s) copied
  Game.vcxproj -> D:\DIRECTX 11 PROGRAMMING\HeroOfTheTelliverse-master\6CCGD001WGameGroupProject\myGame\build\Debug\Game.exe
  D:\DIRECTX 11 PROGRAMMING\HeroOfTheTelliverse-master\6CCGD001WGameGroupProject\myGame\build\..\..\external\assimp\bin\assimp_release-dll_win32\assimp.dll
          1 file(s) copied.
